=============================================
Dataset: CentrifugalPump
Method:  TS-TCC
Mode:    train_linear
=============================================
Data loaded ...
Training started ....

Epoch : 1
Train Loss     : 1.7350	 | 	Train Accuracy     : 0.3016
Valid Loss     : 3.1686	 | 	Valid Accuracy     : 0.1953

Epoch : 2
Train Loss     : 1.1172	 | 	Train Accuracy     : 0.5078
Valid Loss     : 4.4790	 | 	Valid Accuracy     : 0.2500

Epoch : 3
Train Loss     : 0.9030	 | 	Train Accuracy     : 0.6422
Valid Loss     : 4.8937	 | 	Valid Accuracy     : 0.2578

Epoch : 4
Train Loss     : 0.7130	 | 	Train Accuracy     : 0.6984
Valid Loss     : 5.8457	 | 	Valid Accuracy     : 0.2656

Epoch : 5
Train Loss     : 0.6778	 | 	Train Accuracy     : 0.7063
Valid Loss     : 5.1947	 | 	Valid Accuracy     : 0.1875

Epoch : 6
Train Loss     : 0.6024	 | 	Train Accuracy     : 0.7609
Valid Loss     : 4.6761	 | 	Valid Accuracy     : 0.2109

Epoch : 7
Train Loss     : 0.5700	 | 	Train Accuracy     : 0.7656
Valid Loss     : 4.2042	 | 	Valid Accuracy     : 0.2266

Epoch : 8
Train Loss     : 0.5386	 | 	Train Accuracy     : 0.8031
Valid Loss     : 3.7367	 | 	Valid Accuracy     : 0.2812

Epoch : 9
Train Loss     : 0.5139	 | 	Train Accuracy     : 0.8000
Valid Loss     : 2.7793	 | 	Valid Accuracy     : 0.4141

Epoch : 10
Train Loss     : 0.4472	 | 	Train Accuracy     : 0.8656
Valid Loss     : 2.5135	 | 	Valid Accuracy     : 0.3125

Epoch : 11
Train Loss     : 0.4051	 | 	Train Accuracy     : 0.8984
Valid Loss     : 2.5849	 | 	Valid Accuracy     : 0.3281

Epoch : 12
Train Loss     : 0.3655	 | 	Train Accuracy     : 0.9031
Valid Loss     : 2.0716	 | 	Valid Accuracy     : 0.4375

Epoch : 13
Train Loss     : 0.3464	 | 	Train Accuracy     : 0.8922
Valid Loss     : 2.0852	 | 	Valid Accuracy     : 0.3594

Epoch : 14
Train Loss     : 0.3589	 | 	Train Accuracy     : 0.8906
Valid Loss     : 2.0679	 | 	Valid Accuracy     : 0.4531

Epoch : 15
Train Loss     : 0.3509	 | 	Train Accuracy     : 0.8859
Valid Loss     : 2.1248	 | 	Valid Accuracy     : 0.4219

Epoch : 16
Train Loss     : 0.3315	 | 	Train Accuracy     : 0.8891
Valid Loss     : 2.1100	 | 	Valid Accuracy     : 0.3672

Epoch : 17
Train Loss     : 0.3398	 | 	Train Accuracy     : 0.8906
Valid Loss     : 1.8497	 | 	Valid Accuracy     : 0.4062

Epoch : 18
Train Loss     : 0.3141	 | 	Train Accuracy     : 0.9266
Valid Loss     : 2.1277	 | 	Valid Accuracy     : 0.3750

Epoch : 19
Train Loss     : 0.2758	 | 	Train Accuracy     : 0.9219
Valid Loss     : 2.0237	 | 	Valid Accuracy     : 0.4375

Epoch : 20
Train Loss     : 0.2712	 | 	Train Accuracy     : 0.9391
Valid Loss     : 1.8686	 | 	Valid Accuracy     : 0.3828

Epoch : 21
Train Loss     : 0.2616	 | 	Train Accuracy     : 0.9297
Valid Loss     : 1.9290	 | 	Valid Accuracy     : 0.4062

Epoch : 22
Train Loss     : 0.2338	 | 	Train Accuracy     : 0.9563
Valid Loss     : 2.0051	 | 	Valid Accuracy     : 0.4375

Epoch : 23
Train Loss     : 0.2254	 | 	Train Accuracy     : 0.9516
Valid Loss     : 2.0514	 | 	Valid Accuracy     : 0.3906

Epoch : 24
Train Loss     : 0.2289	 | 	Train Accuracy     : 0.9547
Valid Loss     : 1.9253	 | 	Valid Accuracy     : 0.4062

Epoch : 25
Train Loss     : 0.2480	 | 	Train Accuracy     : 0.9359
Valid Loss     : 2.0173	 | 	Valid Accuracy     : 0.4219

Epoch : 26
Train Loss     : 0.2305	 | 	Train Accuracy     : 0.9500
Valid Loss     : 2.2595	 | 	Valid Accuracy     : 0.3594

Epoch : 27
Train Loss     : 0.2178	 | 	Train Accuracy     : 0.9594
Valid Loss     : 1.8959	 | 	Valid Accuracy     : 0.4609

Epoch : 28
Train Loss     : 0.2163	 | 	Train Accuracy     : 0.9344
Valid Loss     : 1.9115	 | 	Valid Accuracy     : 0.4141

Epoch : 29
Train Loss     : 0.1973	 | 	Train Accuracy     : 0.9609
Valid Loss     : 1.9064	 | 	Valid Accuracy     : 0.4297

Epoch : 30
Train Loss     : 0.1812	 | 	Train Accuracy     : 0.9656
Valid Loss     : 1.9436	 | 	Valid Accuracy     : 0.4609

Epoch : 31
Train Loss     : 0.1981	 | 	Train Accuracy     : 0.9578
Valid Loss     : 1.9620	 | 	Valid Accuracy     : 0.4297

Epoch : 32
Train Loss     : 0.1844	 | 	Train Accuracy     : 0.9719
Valid Loss     : 2.0339	 | 	Valid Accuracy     : 0.3906

Epoch : 33
Train Loss     : 0.1857	 | 	Train Accuracy     : 0.9641
Valid Loss     : 2.0192	 | 	Valid Accuracy     : 0.4062

Epoch : 34
Train Loss     : 0.1904	 | 	Train Accuracy     : 0.9672
Valid Loss     : 2.0312	 | 	Valid Accuracy     : 0.4062

Epoch : 35
Train Loss     : 0.1846	 | 	Train Accuracy     : 0.9656
Valid Loss     : 2.0068	 | 	Valid Accuracy     : 0.4219

Epoch : 36
Train Loss     : 0.1985	 | 	Train Accuracy     : 0.9688
Valid Loss     : 1.9946	 | 	Valid Accuracy     : 0.4219

Epoch : 37
Train Loss     : 0.1736	 | 	Train Accuracy     : 0.9781
Valid Loss     : 2.0070	 | 	Valid Accuracy     : 0.4219

Epoch : 38
Train Loss     : 0.1883	 | 	Train Accuracy     : 0.9719
Valid Loss     : 1.9752	 | 	Valid Accuracy     : 0.4219

Epoch : 39
Train Loss     : 0.1745	 | 	Train Accuracy     : 0.9797
Valid Loss     : 1.9752	 | 	Valid Accuracy     : 0.4141

Epoch : 40
Train Loss     : 0.1773	 | 	Train Accuracy     : 0.9719
Valid Loss     : 1.9829	 | 	Valid Accuracy     : 0.3984

Evaluate on the Test set:
Test loss      :1.7446	 | Test Accuracy      : 0.4548
Test F1 Score     :0.4004	 | Test Recall     : 0.4477 | Test Precision     : 0.6237

################## Training is Done! #########################
Training time is : 0:00:20.544876
