=============================================
Dataset: ElectricMotorFaults
Method:  TS-TCC
Mode:    train_linear
=============================================
Data loaded ...
Training started ....

Epoch : 1
Train Loss     : 0.5708	 | 	Train Accuracy     : 0.7917
Valid Loss     : 8.4484	 | 	Valid Accuracy     : 0.1156

Epoch : 2
Train Loss     : 0.0508	 | 	Train Accuracy     : 0.9979
Valid Loss     : 2.4474	 | 	Valid Accuracy     : 0.2250

Epoch : 3
Train Loss     : 0.0180	 | 	Train Accuracy     : 1.0000
Valid Loss     : 0.2171	 | 	Valid Accuracy     : 0.9250

Epoch : 4
Train Loss     : 0.0106	 | 	Train Accuracy     : 1.0000
Valid Loss     : 0.0671	 | 	Valid Accuracy     : 1.0000

Epoch : 5
Train Loss     : 0.0074	 | 	Train Accuracy     : 1.0000
Valid Loss     : 0.0597	 | 	Valid Accuracy     : 1.0000

Epoch : 6
Train Loss     : 0.0058	 | 	Train Accuracy     : 1.0000
Valid Loss     : 0.0508	 | 	Valid Accuracy     : 1.0000

Epoch : 7
Train Loss     : 0.0049	 | 	Train Accuracy     : 1.0000
Valid Loss     : 0.0466	 | 	Valid Accuracy     : 1.0000

Epoch : 8
Train Loss     : 0.0044	 | 	Train Accuracy     : 1.0000
Valid Loss     : 0.0417	 | 	Valid Accuracy     : 1.0000

Epoch : 9
Train Loss     : 0.0038	 | 	Train Accuracy     : 1.0000
Valid Loss     : 0.0395	 | 	Valid Accuracy     : 1.0000

Epoch : 10
Train Loss     : 0.0030	 | 	Train Accuracy     : 1.0000
Valid Loss     : 0.0396	 | 	Valid Accuracy     : 1.0000

Epoch : 11
Train Loss     : 0.0027	 | 	Train Accuracy     : 1.0000
Valid Loss     : 0.0408	 | 	Valid Accuracy     : 1.0000

Epoch : 12
Train Loss     : 0.0022	 | 	Train Accuracy     : 1.0000
Valid Loss     : 0.0323	 | 	Valid Accuracy     : 1.0000

Epoch : 13
Train Loss     : 0.0022	 | 	Train Accuracy     : 1.0000
Valid Loss     : 0.0265	 | 	Valid Accuracy     : 1.0000

Epoch : 14
Train Loss     : 0.0018	 | 	Train Accuracy     : 1.0000
Valid Loss     : 0.0284	 | 	Valid Accuracy     : 1.0000

Epoch : 15
Train Loss     : 0.0017	 | 	Train Accuracy     : 1.0000
Valid Loss     : 0.0264	 | 	Valid Accuracy     : 1.0000

Epoch : 16
Train Loss     : 0.0016	 | 	Train Accuracy     : 1.0000
Valid Loss     : 0.0199	 | 	Valid Accuracy     : 1.0000

Epoch : 17
Train Loss     : 0.0013	 | 	Train Accuracy     : 1.0000
Valid Loss     : 0.0261	 | 	Valid Accuracy     : 1.0000

Epoch : 18
Train Loss     : 0.0013	 | 	Train Accuracy     : 1.0000
Valid Loss     : 0.0261	 | 	Valid Accuracy     : 1.0000

Epoch : 19
Train Loss     : 0.0012	 | 	Train Accuracy     : 1.0000
Valid Loss     : 0.0232	 | 	Valid Accuracy     : 1.0000

Epoch : 20
Train Loss     : 0.0009	 | 	Train Accuracy     : 1.0000
Valid Loss     : 0.0178	 | 	Valid Accuracy     : 1.0000

Epoch : 21
Train Loss     : 0.0010	 | 	Train Accuracy     : 1.0000
Valid Loss     : 0.0215	 | 	Valid Accuracy     : 1.0000

Epoch : 22
Train Loss     : 0.0008	 | 	Train Accuracy     : 1.0000
Valid Loss     : 0.0172	 | 	Valid Accuracy     : 1.0000

Epoch : 23
Train Loss     : 0.0008	 | 	Train Accuracy     : 1.0000
Valid Loss     : 0.0159	 | 	Valid Accuracy     : 1.0000

Epoch : 24
Train Loss     : 0.0007	 | 	Train Accuracy     : 1.0000
Valid Loss     : 0.0167	 | 	Valid Accuracy     : 1.0000

Epoch : 25
Train Loss     : 0.0006	 | 	Train Accuracy     : 1.0000
Valid Loss     : 0.0131	 | 	Valid Accuracy     : 1.0000

Epoch : 26
Train Loss     : 0.0006	 | 	Train Accuracy     : 1.0000
Valid Loss     : 0.0164	 | 	Valid Accuracy     : 1.0000

Epoch : 27
Train Loss     : 0.0006	 | 	Train Accuracy     : 1.0000
Valid Loss     : 0.0114	 | 	Valid Accuracy     : 1.0000

Epoch : 28
Train Loss     : 0.0005	 | 	Train Accuracy     : 1.0000
Valid Loss     : 0.0101	 | 	Valid Accuracy     : 1.0000

Epoch : 29
Train Loss     : 0.0004	 | 	Train Accuracy     : 1.0000
Valid Loss     : 0.0128	 | 	Valid Accuracy     : 1.0000

Epoch : 30
Train Loss     : 0.0005	 | 	Train Accuracy     : 1.0000
Valid Loss     : 0.0085	 | 	Valid Accuracy     : 1.0000

Epoch : 31
Train Loss     : 0.0004	 | 	Train Accuracy     : 1.0000
Valid Loss     : 0.0103	 | 	Valid Accuracy     : 1.0000

Epoch : 32
Train Loss     : 0.0004	 | 	Train Accuracy     : 1.0000
Valid Loss     : 0.0105	 | 	Valid Accuracy     : 1.0000

Epoch : 33
Train Loss     : 0.0003	 | 	Train Accuracy     : 1.0000
Valid Loss     : 0.0091	 | 	Valid Accuracy     : 1.0000

Epoch : 34
Train Loss     : 0.0003	 | 	Train Accuracy     : 1.0000
Valid Loss     : 0.0091	 | 	Valid Accuracy     : 1.0000

Epoch : 35
Train Loss     : 0.0003	 | 	Train Accuracy     : 1.0000
Valid Loss     : 0.0090	 | 	Valid Accuracy     : 1.0000

Epoch : 36
Train Loss     : 0.0003	 | 	Train Accuracy     : 1.0000
Valid Loss     : 0.0072	 | 	Valid Accuracy     : 1.0000

Epoch : 37
Train Loss     : 0.0003	 | 	Train Accuracy     : 1.0000
Valid Loss     : 0.0069	 | 	Valid Accuracy     : 1.0000

Epoch : 38
Train Loss     : 0.0003	 | 	Train Accuracy     : 1.0000
Valid Loss     : 0.0069	 | 	Valid Accuracy     : 1.0000

Epoch : 39
Train Loss     : 0.0002	 | 	Train Accuracy     : 1.0000
Valid Loss     : 0.0057	 | 	Valid Accuracy     : 1.0000

Epoch : 40
Train Loss     : 0.0002	 | 	Train Accuracy     : 1.0000
Valid Loss     : 0.0071	 | 	Valid Accuracy     : 1.0000

Evaluate on the Test set:
Test loss      :0.0071	 | Test Accuracy      : 1.0000
Test F1 Score     :1.0000	 | Test Recall     : 1.0000 | Test Precision     : 1.0000

################## Training is Done! #########################
Training time is : 0:00:32.884503
