=============================================
Dataset: ElectricMotorFaults
Method:  TS-TCC
Mode:    train_linear
=============================================
Data loaded ...
Training started ....

Epoch : 1
Train Loss     : 0.5437	 | 	Train Accuracy     : 0.8125
Valid Loss     : 8.6068	 | 	Valid Accuracy     : 0.1156

Epoch : 2
Train Loss     : 0.0491	 | 	Train Accuracy     : 0.9990
Valid Loss     : 2.1182	 | 	Valid Accuracy     : 0.1547

Epoch : 3
Train Loss     : 0.0173	 | 	Train Accuracy     : 1.0000
Valid Loss     : 0.1232	 | 	Valid Accuracy     : 0.9937

Epoch : 4
Train Loss     : 0.0098	 | 	Train Accuracy     : 1.0000
Valid Loss     : 0.0597	 | 	Valid Accuracy     : 1.0000

Epoch : 5
Train Loss     : 0.0069	 | 	Train Accuracy     : 1.0000
Valid Loss     : 0.0492	 | 	Valid Accuracy     : 1.0000

Epoch : 6
Train Loss     : 0.0056	 | 	Train Accuracy     : 1.0000
Valid Loss     : 0.0389	 | 	Valid Accuracy     : 1.0000

Epoch : 7
Train Loss     : 0.0046	 | 	Train Accuracy     : 1.0000
Valid Loss     : 0.0400	 | 	Valid Accuracy     : 1.0000

Epoch : 8
Train Loss     : 0.0042	 | 	Train Accuracy     : 1.0000
Valid Loss     : 0.0344	 | 	Valid Accuracy     : 1.0000

Epoch : 9
Train Loss     : 0.0036	 | 	Train Accuracy     : 1.0000
Valid Loss     : 0.0325	 | 	Valid Accuracy     : 1.0000

Epoch : 10
Train Loss     : 0.0028	 | 	Train Accuracy     : 1.0000
Valid Loss     : 0.0331	 | 	Valid Accuracy     : 1.0000

Epoch : 11
Train Loss     : 0.0025	 | 	Train Accuracy     : 1.0000
Valid Loss     : 0.0346	 | 	Valid Accuracy     : 1.0000

Epoch : 12
Train Loss     : 0.0022	 | 	Train Accuracy     : 1.0000
Valid Loss     : 0.0266	 | 	Valid Accuracy     : 1.0000

Epoch : 13
Train Loss     : 0.0020	 | 	Train Accuracy     : 1.0000
Valid Loss     : 0.0224	 | 	Valid Accuracy     : 1.0000

Epoch : 14
Train Loss     : 0.0017	 | 	Train Accuracy     : 1.0000
Valid Loss     : 0.0235	 | 	Valid Accuracy     : 1.0000

Epoch : 15
Train Loss     : 0.0016	 | 	Train Accuracy     : 1.0000
Valid Loss     : 0.0216	 | 	Valid Accuracy     : 1.0000

Epoch : 16
Train Loss     : 0.0015	 | 	Train Accuracy     : 1.0000
Valid Loss     : 0.0160	 | 	Valid Accuracy     : 1.0000

Epoch : 17
Train Loss     : 0.0012	 | 	Train Accuracy     : 1.0000
Valid Loss     : 0.0218	 | 	Valid Accuracy     : 1.0000

Epoch : 18
Train Loss     : 0.0012	 | 	Train Accuracy     : 1.0000
Valid Loss     : 0.0214	 | 	Valid Accuracy     : 1.0000

Epoch : 19
Train Loss     : 0.0011	 | 	Train Accuracy     : 1.0000
Valid Loss     : 0.0191	 | 	Valid Accuracy     : 1.0000

Epoch : 20
Train Loss     : 0.0009	 | 	Train Accuracy     : 1.0000
Valid Loss     : 0.0142	 | 	Valid Accuracy     : 1.0000

Epoch : 21
Train Loss     : 0.0009	 | 	Train Accuracy     : 1.0000
Valid Loss     : 0.0186	 | 	Valid Accuracy     : 1.0000

Epoch : 22
Train Loss     : 0.0008	 | 	Train Accuracy     : 1.0000
Valid Loss     : 0.0144	 | 	Valid Accuracy     : 1.0000

Epoch : 23
Train Loss     : 0.0008	 | 	Train Accuracy     : 1.0000
Valid Loss     : 0.0133	 | 	Valid Accuracy     : 1.0000

Epoch : 24
Train Loss     : 0.0007	 | 	Train Accuracy     : 1.0000
Valid Loss     : 0.0144	 | 	Valid Accuracy     : 1.0000

Epoch : 25
Train Loss     : 0.0006	 | 	Train Accuracy     : 1.0000
Valid Loss     : 0.0106	 | 	Valid Accuracy     : 1.0000

Epoch : 26
Train Loss     : 0.0006	 | 	Train Accuracy     : 1.0000
Valid Loss     : 0.0136	 | 	Valid Accuracy     : 1.0000

Epoch : 27
Train Loss     : 0.0005	 | 	Train Accuracy     : 1.0000
Valid Loss     : 0.0096	 | 	Valid Accuracy     : 1.0000

Epoch : 28
Train Loss     : 0.0005	 | 	Train Accuracy     : 1.0000
Valid Loss     : 0.0083	 | 	Valid Accuracy     : 1.0000

Epoch : 29
Train Loss     : 0.0004	 | 	Train Accuracy     : 1.0000
Valid Loss     : 0.0106	 | 	Valid Accuracy     : 1.0000

Epoch : 30
Train Loss     : 0.0005	 | 	Train Accuracy     : 1.0000
Valid Loss     : 0.0067	 | 	Valid Accuracy     : 1.0000

Epoch : 31
Train Loss     : 0.0003	 | 	Train Accuracy     : 1.0000
Valid Loss     : 0.0084	 | 	Valid Accuracy     : 1.0000

Epoch : 32
Train Loss     : 0.0004	 | 	Train Accuracy     : 1.0000
Valid Loss     : 0.0082	 | 	Valid Accuracy     : 1.0000

Epoch : 33
Train Loss     : 0.0003	 | 	Train Accuracy     : 1.0000
Valid Loss     : 0.0074	 | 	Valid Accuracy     : 1.0000

Epoch : 34
Train Loss     : 0.0003	 | 	Train Accuracy     : 1.0000
Valid Loss     : 0.0073	 | 	Valid Accuracy     : 1.0000

Epoch : 35
Train Loss     : 0.0003	 | 	Train Accuracy     : 1.0000
Valid Loss     : 0.0074	 | 	Valid Accuracy     : 1.0000

Epoch : 36
Train Loss     : 0.0003	 | 	Train Accuracy     : 1.0000
Valid Loss     : 0.0057	 | 	Valid Accuracy     : 1.0000

Epoch : 37
Train Loss     : 0.0003	 | 	Train Accuracy     : 1.0000
Valid Loss     : 0.0057	 | 	Valid Accuracy     : 1.0000

Epoch : 38
Train Loss     : 0.0002	 | 	Train Accuracy     : 1.0000
Valid Loss     : 0.0058	 | 	Valid Accuracy     : 1.0000

Epoch : 39
Train Loss     : 0.0002	 | 	Train Accuracy     : 1.0000
Valid Loss     : 0.0044	 | 	Valid Accuracy     : 1.0000

Epoch : 40
Train Loss     : 0.0002	 | 	Train Accuracy     : 1.0000
Valid Loss     : 0.0058	 | 	Valid Accuracy     : 1.0000

Evaluate on the Test set:
Test loss      :0.0057	 | Test Accuracy      : 1.0000
Test F1 Score     :1.0000	 | Test Recall     : 1.0000 | Test Precision     : 1.0000

################## Training is Done! #########################
Training time is : 0:00:39.516012
