=============================================
Dataset: ElectricMotorFaults
Method:  TS-TCC
Mode:    train_linear
=============================================
Data loaded ...
Training started ....

Epoch : 1
Train Loss     : 0.6396	 | 	Train Accuracy     : 0.7672
Valid Loss     : 6.9927	 | 	Valid Accuracy     : 0.1156

Epoch : 2
Train Loss     : 0.0579	 | 	Train Accuracy     : 0.9964
Valid Loss     : 1.7550	 | 	Valid Accuracy     : 0.3812

Epoch : 3
Train Loss     : 0.0192	 | 	Train Accuracy     : 1.0000
Valid Loss     : 0.2103	 | 	Valid Accuracy     : 0.9109

Epoch : 4
Train Loss     : 0.0113	 | 	Train Accuracy     : 1.0000
Valid Loss     : 0.0683	 | 	Valid Accuracy     : 1.0000

Epoch : 5
Train Loss     : 0.0079	 | 	Train Accuracy     : 1.0000
Valid Loss     : 0.0493	 | 	Valid Accuracy     : 1.0000

Epoch : 6
Train Loss     : 0.0062	 | 	Train Accuracy     : 1.0000
Valid Loss     : 0.0523	 | 	Valid Accuracy     : 1.0000

Epoch : 7
Train Loss     : 0.0053	 | 	Train Accuracy     : 1.0000
Valid Loss     : 0.0428	 | 	Valid Accuracy     : 1.0000

Epoch : 8
Train Loss     : 0.0046	 | 	Train Accuracy     : 1.0000
Valid Loss     : 0.0378	 | 	Valid Accuracy     : 1.0000

Epoch : 9
Train Loss     : 0.0040	 | 	Train Accuracy     : 1.0000
Valid Loss     : 0.0380	 | 	Valid Accuracy     : 1.0000

Epoch : 10
Train Loss     : 0.0032	 | 	Train Accuracy     : 1.0000
Valid Loss     : 0.0372	 | 	Valid Accuracy     : 1.0000

Epoch : 11
Train Loss     : 0.0029	 | 	Train Accuracy     : 1.0000
Valid Loss     : 0.0388	 | 	Valid Accuracy     : 1.0000

Epoch : 12
Train Loss     : 0.0024	 | 	Train Accuracy     : 1.0000
Valid Loss     : 0.0310	 | 	Valid Accuracy     : 1.0000

Epoch : 13
Train Loss     : 0.0023	 | 	Train Accuracy     : 1.0000
Valid Loss     : 0.0255	 | 	Valid Accuracy     : 1.0000

Epoch : 14
Train Loss     : 0.0019	 | 	Train Accuracy     : 1.0000
Valid Loss     : 0.0274	 | 	Valid Accuracy     : 1.0000

Epoch : 15
Train Loss     : 0.0018	 | 	Train Accuracy     : 1.0000
Valid Loss     : 0.0254	 | 	Valid Accuracy     : 1.0000

Epoch : 16
Train Loss     : 0.0017	 | 	Train Accuracy     : 1.0000
Valid Loss     : 0.0201	 | 	Valid Accuracy     : 1.0000

Epoch : 17
Train Loss     : 0.0014	 | 	Train Accuracy     : 1.0000
Valid Loss     : 0.0250	 | 	Valid Accuracy     : 1.0000

Epoch : 18
Train Loss     : 0.0013	 | 	Train Accuracy     : 1.0000
Valid Loss     : 0.0263	 | 	Valid Accuracy     : 1.0000

Epoch : 19
Train Loss     : 0.0012	 | 	Train Accuracy     : 1.0000
Valid Loss     : 0.0237	 | 	Valid Accuracy     : 1.0000

Epoch : 20
Train Loss     : 0.0011	 | 	Train Accuracy     : 1.0000
Valid Loss     : 0.0181	 | 	Valid Accuracy     : 1.0000

Epoch : 21
Train Loss     : 0.0010	 | 	Train Accuracy     : 1.0000
Valid Loss     : 0.0213	 | 	Valid Accuracy     : 1.0000

Epoch : 22
Train Loss     : 0.0010	 | 	Train Accuracy     : 1.0000
Valid Loss     : 0.0177	 | 	Valid Accuracy     : 1.0000

Epoch : 23
Train Loss     : 0.0009	 | 	Train Accuracy     : 1.0000
Valid Loss     : 0.0162	 | 	Valid Accuracy     : 1.0000

Epoch : 24
Train Loss     : 0.0008	 | 	Train Accuracy     : 1.0000
Valid Loss     : 0.0170	 | 	Valid Accuracy     : 1.0000

Epoch : 25
Train Loss     : 0.0007	 | 	Train Accuracy     : 1.0000
Valid Loss     : 0.0138	 | 	Valid Accuracy     : 1.0000

Epoch : 26
Train Loss     : 0.0007	 | 	Train Accuracy     : 1.0000
Valid Loss     : 0.0163	 | 	Valid Accuracy     : 1.0000

Epoch : 27
Train Loss     : 0.0006	 | 	Train Accuracy     : 1.0000
Valid Loss     : 0.0124	 | 	Valid Accuracy     : 1.0000

Epoch : 28
Train Loss     : 0.0006	 | 	Train Accuracy     : 1.0000
Valid Loss     : 0.0106	 | 	Valid Accuracy     : 1.0000

Epoch : 29
Train Loss     : 0.0005	 | 	Train Accuracy     : 1.0000
Valid Loss     : 0.0130	 | 	Valid Accuracy     : 1.0000

Epoch : 30
Train Loss     : 0.0005	 | 	Train Accuracy     : 1.0000
Valid Loss     : 0.0092	 | 	Valid Accuracy     : 1.0000

Epoch : 31
Train Loss     : 0.0004	 | 	Train Accuracy     : 1.0000
Valid Loss     : 0.0104	 | 	Valid Accuracy     : 1.0000

Epoch : 32
Train Loss     : 0.0004	 | 	Train Accuracy     : 1.0000
Valid Loss     : 0.0109	 | 	Valid Accuracy     : 1.0000

Epoch : 33
Train Loss     : 0.0004	 | 	Train Accuracy     : 1.0000
Valid Loss     : 0.0098	 | 	Valid Accuracy     : 1.0000

Epoch : 34
Train Loss     : 0.0003	 | 	Train Accuracy     : 1.0000
Valid Loss     : 0.0091	 | 	Valid Accuracy     : 1.0000

Epoch : 35
Train Loss     : 0.0003	 | 	Train Accuracy     : 1.0000
Valid Loss     : 0.0092	 | 	Valid Accuracy     : 1.0000

Epoch : 36
Train Loss     : 0.0003	 | 	Train Accuracy     : 1.0000
Valid Loss     : 0.0078	 | 	Valid Accuracy     : 1.0000

Epoch : 37
Train Loss     : 0.0003	 | 	Train Accuracy     : 1.0000
Valid Loss     : 0.0074	 | 	Valid Accuracy     : 1.0000

Epoch : 38
Train Loss     : 0.0003	 | 	Train Accuracy     : 1.0000
Valid Loss     : 0.0073	 | 	Valid Accuracy     : 1.0000

Epoch : 39
Train Loss     : 0.0003	 | 	Train Accuracy     : 1.0000
Valid Loss     : 0.0063	 | 	Valid Accuracy     : 1.0000

Epoch : 40
Train Loss     : 0.0002	 | 	Train Accuracy     : 1.0000
Valid Loss     : 0.0072	 | 	Valid Accuracy     : 1.0000

Evaluate on the Test set:
Test loss      :0.0071	 | Test Accuracy      : 1.0000
Test F1 Score     :1.0000	 | Test Recall     : 1.0000 | Test Precision     : 1.0000

################## Training is Done! #########################
Training time is : 0:00:23.279592
